2021/03/13 15:39:18 cron[mycron] running now
2021/03/13 15:39:19 cron[mycron] start new job[group-data-check.job-check] success
2021/03/13 15:39:20 ==== Job[group-data-check.job-check] BeforeRun ====
2021/03/13 15:39:20 ==== Job[group-data-check.job-check] Run ====
2021/03/13 15:39:20 ==== Job[group-data-check.job-check] AfterRun ====
2021/03/13 15:39:21 ==== Job[group-data-check.job-check] BeforeRun ====
2021/03/13 15:39:21 ==== Job[group-data-check.job-check] Run ====
2021/03/13 15:39:21 ==== Job[group-data-check.job-check] AfterRun ====
2021/03/13 15:39:22 ==== Job[group-data-check.job-check] BeforeRun ====
2021/03/13 15:39:22 ==== Job[group-data-check.job-check] Run ====
2021/03/13 15:39:22 ==== Job[group-data-check.job-check] AfterRun ====
2021/03/13 15:39:23 ==== Job[group-data-check.job-check] BeforeRun ====
2021/03/13 15:39:23 ==== Job[group-data-check.job-check] Run ====
2021/03/13 15:39:23 ==== Job[group-data-check.job-check] AfterRun ====
2021/03/13 15:39:23 cron[mycron] stop and delete not registered job[group-data-check.job-check]
2021/03/13 15:39:28 cron[mycron] start new job[group-data-check.job-check] success
2021/03/13 15:39:29 ==== Job[group-data-check.job-check] BeforeRun ====
2021/03/13 15:39:29 ==== Job[group-data-check.job-check] Run ====
2021/03/13 15:39:29 ==== Job[group-data-check.job-check] AfterRun ====
2021/03/13 15:39:30 ==== Job[group-data-check.job-check] BeforeRun ====
2021/03/13 15:39:30 ==== Job[group-data-check.job-check] Run ====
2021/03/13 15:39:30 ==== Job[group-data-check.job-check] AfterRun ====
2021/03/13 15:39:31 ==== Job[group-data-check.job-check] BeforeRun ====
2021/03/13 15:39:31 ==== Job[group-data-check.job-check] Run ====
2021/03/13 15:39:31 ==== Job[group-data-check.job-check] AfterRun ====
2021/03/13 15:39:32 ==== Job[group-data-check.job-check] BeforeRun ====
2021/03/13 15:39:32 ==== Job[group-data-check.job-check] Run ====
2021/03/13 15:39:32 ==== Job[group-data-check.job-check] AfterRun ====
2021/03/13 15:39:33 ==== Job[group-data-check.job-check] BeforeRun ====
2021/03/13 15:39:33 ==== Job[group-data-check.job-check] Run ====
2021/03/13 15:39:33 ==== Job[group-data-check.job-check] AfterRun ====
2021/03/13 15:39:38 cron[mycron] running now
2021/03/13 15:39:39 ==== Job[group-data-check.job-check] BeforeRun ====
2021/03/13 15:39:39 ==== Job[group-data-check.job-check] Run ====
2021/03/13 15:39:39 ==== Job[group-data-check.job-check] AfterRun ====
2021/03/13 15:39:40 ==== Job[group-data-check.job-check] BeforeRun ====
2021/03/13 15:39:40 ==== Job[group-data-check.job-check] Run ====
2021/03/13 15:39:40 ==== Job[group-data-check.job-check] AfterRun ====
2021/03/13 15:39:41 ==== Job[group-data-check.job-check] BeforeRun ====
2021/03/13 15:39:41 ==== Job[group-data-check.job-check] Run ====
2021/03/13 15:39:41 ==== Job[group-data-check.job-check] AfterRun ====
2021/03/13 15:39:42 ==== Job[group-data-check.job-check] BeforeRun ====
2021/03/13 15:39:42 ==== Job[group-data-check.job-check] Run ====
2021/03/13 15:39:42 ==== Job[group-data-check.job-check] AfterRun ====
2021/03/13 15:39:43 ==== Job[group-data-check.job-check] BeforeRun ====
2021/03/13 15:39:43 ==== Job[group-data-check.job-check] Run ====
2021/03/13 15:39:43 ==== Job[group-data-check.job-check] AfterRun ====
2021/03/13 15:39:43 cron[mycron] stop now
